<?xml version="1.0" encoding="UTF-8"?>
<!-- Generated by org.testng.reporters.JUnitXMLReporter -->
<testsuite hostname="MuniPC" ignored="0" name="Test" tests="3" failures="1" timestamp="2022-12-20T17:04:51 PST" time="0.062" errors="0">
  <testcase name="test1" time="0.009" classname="Day29.ListnerClassTest"/>
  <testcase name="test2" time="0.003" classname="Day29.ListnerClassTest">
    <failure type="java.lang.AssertionError" message="expected [b] but found [A]">
      <![CDATA[java.lang.AssertionError: expected [b] but found [A]
at Day29.ListnerClassTest.test2(ListnerClassTest.java:17)
at java.util.ArrayList.forEach(ArrayList.java:1257)
... Removed 33 stack frames]]>
    </failure>
  </testcase> <!-- test2 -->
  <testcase name="test3" time="0.0" classname="Day29.ListnerClassTest">
    <skipped/>
  </testcase> <!-- test3 -->
</testsuite> <!-- Test -->
