<?xml version="1.0" encoding="UTF-8"?>
<testng-results skipped="0" failed="0" ignored="0" total="8" passed="8">
  <reporter-output>
  </reporter-output>
  <suite name="testsuite" duration-ms="14077" started-at="2022-12-27T17:37:54 PST" finished-at="2022-12-27T17:38:08 PST">
    <groups>
    </groups>
    <test name="testchrome" duration-ms="10558" started-at="2022-12-27T17:37:54 PST" finished-at="2022-12-27T17:38:05 PST">
      <class name="Day28.ParaTest">
        <test-method status="PASS" signature="LaunchApp(java.lang.String)[pri:1, instance:Day28.ParaTest@2f0a87b3]" name="LaunchApp" duration-ms="2898" started-at="2022-12-27T17:37:54 PST" finished-at="2022-12-27T17:37:57 PST">
          <params>
            <param index="0">
              <value>
                <![CDATA[chrome]]>
              </value>
            </param>
          </params>
          <reporter-output>
          </reporter-output>
        </test-method> <!-- LaunchApp -->
        <test-method status="PASS" signature="Login()[pri:2, instance:Day28.ParaTest@2f0a87b3]" name="Login" duration-ms="4808" started-at="2022-12-27T17:37:57 PST" depends-on-methods="Day28.ParaTest.LaunchApp" finished-at="2022-12-27T17:38:02 PST">
          <reporter-output>
          </reporter-output>
        </test-method> <!-- Login -->
        <test-method status="PASS" signature="Logout()[pri:3, instance:Day28.ParaTest@2f0a87b3]" name="Logout" duration-ms="2547" started-at="2022-12-27T17:38:02 PST" depends-on-methods="Day28.ParaTest.Login" finished-at="2022-12-27T17:38:04 PST">
          <reporter-output>
          </reporter-output>
        </test-method> <!-- Logout -->
        <test-method status="PASS" signature="close()[pri:4, instance:Day28.ParaTest@2f0a87b3]" name="close" duration-ms="253" started-at="2022-12-27T17:38:04 PST" depends-on-methods="Day28.ParaTest.Logout" finished-at="2022-12-27T17:38:05 PST">
          <reporter-output>
          </reporter-output>
        </test-method> <!-- close -->
      </class> <!-- Day28.ParaTest -->
    </test> <!-- testchrome -->
    <test name="testFire" duration-ms="14077" started-at="2022-12-27T17:37:54 PST" finished-at="2022-12-27T17:38:08 PST">
      <class name="Day28.ParaTest">
        <test-method status="PASS" signature="LaunchApp(java.lang.String)[pri:1, instance:Day28.ParaTest@8646db9]" name="LaunchApp" duration-ms="6504" started-at="2022-12-27T17:37:54 PST" finished-at="2022-12-27T17:38:01 PST">
          <params>
            <param index="0">
              <value>
                <![CDATA[firefox]]>
              </value>
            </param>
          </params>
          <reporter-output>
          </reporter-output>
        </test-method> <!-- LaunchApp -->
        <test-method status="PASS" signature="Login()[pri:2, instance:Day28.ParaTest@8646db9]" name="Login" duration-ms="3727" started-at="2022-12-27T17:38:01 PST" depends-on-methods="Day28.ParaTest.LaunchApp" finished-at="2022-12-27T17:38:04 PST">
          <reporter-output>
          </reporter-output>
        </test-method> <!-- Login -->
        <test-method status="PASS" signature="Logout()[pri:3, instance:Day28.ParaTest@8646db9]" name="Logout" duration-ms="2751" started-at="2022-12-27T17:38:04 PST" depends-on-methods="Day28.ParaTest.Login" finished-at="2022-12-27T17:38:07 PST">
          <reporter-output>
          </reporter-output>
        </test-method> <!-- Logout -->
        <test-method status="PASS" signature="close()[pri:4, instance:Day28.ParaTest@8646db9]" name="close" duration-ms="1052" started-at="2022-12-27T17:38:07 PST" depends-on-methods="Day28.ParaTest.Logout" finished-at="2022-12-27T17:38:08 PST">
          <reporter-output>
          </reporter-output>
        </test-method> <!-- close -->
      </class> <!-- Day28.ParaTest -->
    </test> <!-- testFire -->
  </suite> <!-- testsuite -->
</testng-results>
