<?xml version="1.0" encoding="UTF-8"?>
<!-- Generated by org.testng.reporters.JUnitXMLReporter -->
<testsuite hostname="MuniPC" ignored="0" name="testPara" tests="4" failures="1" timestamp="2022-12-19T14:48:30 PST" time="2.769" errors="0">
  <testcase name="LaunchApp" time="2.687" classname="Day28.ParaTest">
    <failure type="java.lang.NullPointerException">
      <![CDATA[java.lang.NullPointerException
at Day28.ParaTest.LaunchApp(ParaTest.java:27)
at java.util.ArrayList.forEach(ArrayList.java:1257)
... Removed 27 stack frames]]>
    </failure>
  </testcase> <!-- LaunchApp -->
  <testcase name="Login" time="0.0" classname="Day28.ParaTest">
    <skipped/>
  </testcase> <!-- Login -->
  <testcase name="Logout" time="0.0" classname="Day28.ParaTest">
    <skipped/>
  </testcase> <!-- Logout -->
  <testcase name="close" time="0.0" classname="Day28.ParaTest">
    <skipped/>
  </testcase> <!-- close -->
</testsuite> <!-- testPara -->
