<?xml version="1.0" encoding="UTF-8"?>
<!-- Generated by org.testng.reporters.JUnitXMLReporter -->
<testsuite hostname="MuniPC" ignored="0" name="testchrome" tests="4" failures="0" timestamp="2022-12-27T17:38:05 PST" time="10.558" errors="0">
  <testcase name="LaunchApp" time="2.898" classname="Day28.ParaTest"/>
  <testcase name="Login" time="4.808" classname="Day28.ParaTest"/>
  <testcase name="Logout" time="2.547" classname="Day28.ParaTest"/>
  <testcase name="close" time="0.253" classname="Day28.ParaTest"/>
</testsuite> <!-- testchrome -->
