<?xml version="1.0" encoding="UTF-8"?>
<!-- Generated by org.testng.reporters.JUnitXMLReporter -->
<testsuite hostname="MuniPC" ignored="0" name="testFire" tests="4" failures="0" timestamp="2022-12-27T17:38:08 PST" time="14.077" errors="0">
  <testcase name="LaunchApp" time="6.504" classname="Day28.ParaTest"/>
  <testcase name="Login" time="3.727" classname="Day28.ParaTest"/>
  <testcase name="Logout" time="2.751" classname="Day28.ParaTest"/>
  <testcase name="close" time="1.052" classname="Day28.ParaTest"/>
</testsuite> <!-- testFire -->
